<?xml version="1.0" encoding="UTF-8"?>
<!-- Generated by org.testng.reporters.JUnitReportReporter -->
<testsuite skipped="0" hostname="LAPTOP-PATGFM90" name="assignment2.MonthvalueDemo" tests="1" failures="0" timestamp="11 Jan 2021 14:38:04 GMT" time="21.632" errors="0">
  <testcase name="m1" time="21.632" classname="assignment2.MonthvalueDemo"/>
</testsuite> <!-- assignment2.MonthvalueDemo -->
