<?xml version="1.0" encoding="UTF-8"?>
<!-- Generated by org.testng.reporters.JUnitReportReporter -->
<testsuite skipped="0" hostname="LAPTOP-PATGFM90" name="assignment2.CountryDemo" tests="1" failures="0" timestamp="11 Jan 2021 14:07:51 GMT" time="28.882" errors="0">
  <testcase name="m1" time="28.882" classname="assignment2.CountryDemo"/>
</testsuite> <!-- assignment2.CountryDemo -->
